<?xml version="1.0" encoding="UTF-8"?>
<!-- Generated by org.testng.reporters.JUnitReportReporter -->
<testsuite hostname="SAKSOFT099PDC" failures="0" tests="3" name="com.selenium.pagobject_test.BlazeTestCase" time="7.779" errors="0" timestamp="2021-05-14T12:21:05 IST" skipped="0">
  <testcase classname="com.selenium.pagobject_test.BlazeTestCase" name="Blazedemo_flight" time="2.136"/>
  <system-out/>
  <testcase classname="com.selenium.pagobject_test.BlazeTestCase" name="Blazedemo_flight_Info" time="2.968"/>
  <system-out/>
  <testcase classname="com.selenium.pagobject_test.BlazeTestCase" name="Blazedemo_userInfo" time="2.675"/>
  <system-out/>
</testsuite> <!-- com.selenium.pagobject_test.BlazeTestCase -->
