<?xml version="1.0" encoding="UTF-8"?>
<!-- Generated by org.testng.reporters.JUnitReportReporter -->
<testsuite hostname="SAKSOFT099PDC" failures="0" tests="3" name="com.selenium.pagobject_test.FixedDepositTestCase" time="50.844" errors="0" timestamp="2021-05-14T12:21:05 IST" skipped="0">
  <testcase classname="com.selenium.pagobject_test.FixedDepositTestCase" name="fd_100000" time="35.360"/>
  <system-out/>
  <testcase classname="com.selenium.pagobject_test.FixedDepositTestCase" name="fd_200000" time="10.324"/>
  <system-out/>
  <testcase classname="com.selenium.pagobject_test.FixedDepositTestCase" name="fd_300000" time="5.160"/>
  <system-out/>
</testsuite> <!-- com.selenium.pagobject_test.FixedDepositTestCase -->
