<?xml version="1.0" encoding="UTF-8"?>
<!-- Generated by org.testng.reporters.JUnitReportReporter -->
<testsuite hostname="SAKSOFT099PDC" failures="0" tests="4" name="com.selenium.pagobject_test.CalulatorTestCase" time="12.183" errors="0" timestamp="2021-05-14T12:21:05 IST" skipped="0">
  <testcase classname="com.selenium.pagobject_test.CalulatorTestCase" name="Addition" time="5.165"/>
  <system-out/>
  <testcase classname="com.selenium.pagobject_test.CalulatorTestCase" name="Subtraction" time="2.368"/>
  <system-out/>
  <testcase classname="com.selenium.pagobject_test.CalulatorTestCase" name="Multiplication" time="2.331"/>
  <system-out/>
  <testcase classname="com.selenium.pagobject_test.CalulatorTestCase" name="Division" time="2.319"/>
  <system-out/>
</testsuite> <!-- com.selenium.pagobject_test.CalulatorTestCase -->
